/home/jinkai/Desktop/ROS_dev/162D-Project/install/CRAP_sim_def/lib/python3.10/site-packages/CRAP_sim_def/__init__.py
/home/jinkai/Desktop/ROS_dev/162D-Project/install/CRAP_sim_def/lib/python3.10/site-packages/CRAP_sim_def/__pycache__/__init__.cpython-310.pyc
/home/jinkai/Desktop/ROS_dev/162D-Project/install/CRAP_sim_def/share/ament_index/resource_index/packages/CRAP_sim_def
/home/jinkai/Desktop/ROS_dev/162D-Project/install/CRAP_sim_def/share/CRAP_sim_def/package.xml
/home/jinkai/Desktop/ROS_dev/162D-Project/install/CRAP_sim_def/share/CRAP_sim_def/launch/load_urdf_into_gazebo.launch.py
/home/jinkai/Desktop/ROS_dev/162D-Project/install/CRAP_sim_def/share/CRAP_sim_def/launch/display.launch.py
/home/jinkai/Desktop/ROS_dev/162D-Project/install/CRAP_sim_def/share/CRAP_sim_def/launch/CRAP.launch.py
/home/jinkai/Desktop/ROS_dev/162D-Project/install/CRAP_sim_def/share/CRAP_sim_def/config
/home/jinkai/Desktop/ROS_dev/162D-Project/install/CRAP_sim_def/share/CRAP_sim_def/rviz/urdf.rviz
/home/jinkai/Desktop/ROS_dev/162D-Project/install/CRAP_sim_def/share/CRAP_sim_def/worlds/TestRoom.world
/home/jinkai/Desktop/ROS_dev/162D-Project/install/CRAP_sim_def/share/CRAP_sim_def/worlds/neighborhood.world
/home/jinkai/Desktop/ROS_dev/162D-Project/install/CRAP_sim_def/share/CRAP_sim_def/worlds/empty_world.model
/home/jinkai/Desktop/ROS_dev/162D-Project/install/CRAP_sim_def/share/CRAP_sim_def/worlds/floorplan.png
/home/jinkai/Desktop/ROS_dev/162D-Project/install/CRAP_sim_def/share/CRAP_sim_def/urdf/CRAP.xacro
/home/jinkai/Desktop/ROS_dev/162D-Project/install/CRAP_sim_def/share/CRAP_sim_def/urdf/wheel.xacro
/home/jinkai/Desktop/ROS_dev/162D-Project/install/CRAP_sim_def/share/CRAP_sim_def/urdf/lidar_gazebo.xacro
/home/jinkai/Desktop/ROS_dev/162D-Project/install/CRAP_sim_def/share/CRAP_sim_def/urdf/kinect_gazebo.xacro
/home/jinkai/Desktop/ROS_dev/162D-Project/install/CRAP_sim_def/lib/python3.10/site-packages/CRAP_sim_def-0.0.0-py3.10.egg-info/top_level.txt
/home/jinkai/Desktop/ROS_dev/162D-Project/install/CRAP_sim_def/lib/python3.10/site-packages/CRAP_sim_def-0.0.0-py3.10.egg-info/PKG-INFO
/home/jinkai/Desktop/ROS_dev/162D-Project/install/CRAP_sim_def/lib/python3.10/site-packages/CRAP_sim_def-0.0.0-py3.10.egg-info/zip-safe
/home/jinkai/Desktop/ROS_dev/162D-Project/install/CRAP_sim_def/lib/python3.10/site-packages/CRAP_sim_def-0.0.0-py3.10.egg-info/dependency_links.txt
/home/jinkai/Desktop/ROS_dev/162D-Project/install/CRAP_sim_def/lib/python3.10/site-packages/CRAP_sim_def-0.0.0-py3.10.egg-info/requires.txt
/home/jinkai/Desktop/ROS_dev/162D-Project/install/CRAP_sim_def/lib/python3.10/site-packages/CRAP_sim_def-0.0.0-py3.10.egg-info/SOURCES.txt
/home/jinkai/Desktop/ROS_dev/162D-Project/install/CRAP_sim_def/lib/python3.10/site-packages/CRAP_sim_def-0.0.0-py3.10.egg-info/entry_points.txt
