[0.156s] DEBUG:colcon:Command line arguments: ['/usr/bin/colcon', 'build']
[0.156s] DEBUG:colcon:Parsed command line arguments: Namespace(log_base=None, log_level=None, verb_name='build', build_base='build', install_base='install', merge_install=False, symlink_install=False, test_result_base=None, continue_on_error=False, executor='sequential', event_handlers=None, base_paths=['.'], paths=None, cmake_args=None, cmake_target=None, cmake_target_skip_unavailable=False, cmake_clean_cache=False, cmake_clean_first=False, cmake_force_configure=False, ament_cmake_args=None, catkin_cmake_args=None, catkin_skip_building_tests=False, verb_parser=CustomArgumentParser(prog='colcon build', usage=None, description='Build a set of packages.', formatter_class=<class 'colcon_core.command.CustomFormatter'>, conflict_handler='error', add_help=True), verb_extension=<colcon_core.verb.build.BuildVerb object at 0x7f055024c6d0>, main=<bound method BuildVerb.main of <colcon_core.verb.build.BuildVerb object at 0x7f055024c6d0>>)
[0.175s] Level 1:colcon.colcon_core.package_discovery:discover_packages(recursive) check parameters
[0.175s] Level 1:colcon.colcon_core.package_discovery:discover_packages(path) check parameters
[0.176s] Level 1:colcon.colcon_core.package_discovery:discover_packages(recursive) discover
[0.176s] INFO:colcon.colcon_core.package_discovery:Crawling recursively for packages in '/home/jinkai/Desktop/ROS_dev/162D-Project'
[0.176s] Level 1:colcon.colcon_core.package_identification:_identify(.) by extensions ['ignore', 'ignore_ament_install']
[0.176s] Level 1:colcon.colcon_core.package_identification:_identify(.) by extension 'ignore'
[0.176s] Level 1:colcon.colcon_core.package_identification:_identify(.) by extension 'ignore_ament_install'
[0.176s] Level 1:colcon.colcon_core.package_identification:_identify(.) by extensions ['ros']
[0.176s] Level 1:colcon.colcon_core.package_identification:_identify(.) by extension 'ros'
[0.184s] Level 1:colcon.colcon_core.package_identification:_identify(.) by extensions ['cmake', 'python']
[0.184s] Level 1:colcon.colcon_core.package_identification:_identify(.) by extension 'cmake'
[0.184s] Level 1:colcon.colcon_core.package_identification:_identify(.) by extension 'python'
[0.184s] Level 1:colcon.colcon_core.package_identification:_identify(.) by extensions ['python_setup_py']
[0.184s] Level 1:colcon.colcon_core.package_identification:_identify(.) by extension 'python_setup_py'
[0.185s] Level 1:colcon.colcon_core.package_identification:_identify(build) by extensions ['ignore', 'ignore_ament_install']
[0.185s] Level 1:colcon.colcon_core.package_identification:_identify(build) by extension 'ignore'
[0.185s] Level 1:colcon.colcon_core.package_identification:_identify(build) ignored
[0.185s] Level 1:colcon.colcon_core.package_identification:_identify(install) by extensions ['ignore', 'ignore_ament_install']
[0.185s] Level 1:colcon.colcon_core.package_identification:_identify(install) by extension 'ignore'
[0.185s] Level 1:colcon.colcon_core.package_identification:_identify(install) ignored
[0.185s] Level 1:colcon.colcon_core.package_identification:_identify(log) by extensions ['ignore', 'ignore_ament_install']
[0.185s] Level 1:colcon.colcon_core.package_identification:_identify(log) by extension 'ignore'
[0.185s] Level 1:colcon.colcon_core.package_identification:_identify(log) ignored
[0.185s] Level 1:colcon.colcon_core.package_identification:_identify(src) by extensions ['ignore', 'ignore_ament_install']
[0.185s] Level 1:colcon.colcon_core.package_identification:_identify(src) by extension 'ignore'
[0.185s] Level 1:colcon.colcon_core.package_identification:_identify(src) by extension 'ignore_ament_install'
[0.185s] Level 1:colcon.colcon_core.package_identification:_identify(src) by extensions ['ros']
[0.185s] Level 1:colcon.colcon_core.package_identification:_identify(src) by extension 'ros'
[0.185s] Level 1:colcon.colcon_core.package_identification:_identify(src) by extensions ['cmake', 'python']
[0.185s] Level 1:colcon.colcon_core.package_identification:_identify(src) by extension 'cmake'
[0.185s] Level 1:colcon.colcon_core.package_identification:_identify(src) by extension 'python'
[0.185s] Level 1:colcon.colcon_core.package_identification:_identify(src) by extensions ['python_setup_py']
[0.185s] Level 1:colcon.colcon_core.package_identification:_identify(src) by extension 'python_setup_py'
[0.185s] Level 1:colcon.colcon_core.package_identification:_identify(src/CRAP_sim_def) by extensions ['ignore', 'ignore_ament_install']
[0.185s] Level 1:colcon.colcon_core.package_identification:_identify(src/CRAP_sim_def) by extension 'ignore'
[0.186s] Level 1:colcon.colcon_core.package_identification:_identify(src/CRAP_sim_def) by extension 'ignore_ament_install'
[0.186s] Level 1:colcon.colcon_core.package_identification:_identify(src/CRAP_sim_def) by extensions ['ros']
[0.186s] Level 1:colcon.colcon_core.package_identification:_identify(src/CRAP_sim_def) by extension 'ros'
[0.187s] DEBUG:colcon.colcon_core.package_identification:Package 'src/CRAP_sim_def' with type 'ros.ament_python' and name 'CRAP_sim_def'
[0.187s] Level 1:colcon.colcon_core.package_discovery:discover_packages(recursive) using defaults
[0.187s] Level 1:colcon.colcon_core.package_discovery:discover_packages(path) discover
[0.187s] Level 1:colcon.colcon_core.package_discovery:discover_packages(path) using defaults
[0.208s] Level 5:colcon.colcon_core.verb:set package 'CRAP_sim_def' build argument 'cmake_args' from command line to 'None'
[0.208s] Level 5:colcon.colcon_core.verb:set package 'CRAP_sim_def' build argument 'cmake_target' from command line to 'None'
[0.208s] Level 5:colcon.colcon_core.verb:set package 'CRAP_sim_def' build argument 'cmake_target_skip_unavailable' from command line to 'False'
[0.208s] Level 5:colcon.colcon_core.verb:set package 'CRAP_sim_def' build argument 'cmake_clean_cache' from command line to 'False'
[0.208s] Level 5:colcon.colcon_core.verb:set package 'CRAP_sim_def' build argument 'cmake_clean_first' from command line to 'False'
[0.208s] Level 5:colcon.colcon_core.verb:set package 'CRAP_sim_def' build argument 'cmake_force_configure' from command line to 'False'
[0.208s] Level 5:colcon.colcon_core.verb:set package 'CRAP_sim_def' build argument 'ament_cmake_args' from command line to 'None'
[0.208s] Level 5:colcon.colcon_core.verb:set package 'CRAP_sim_def' build argument 'catkin_cmake_args' from command line to 'None'
[0.208s] Level 5:colcon.colcon_core.verb:set package 'CRAP_sim_def' build argument 'catkin_skip_building_tests' from command line to 'False'
[0.208s] DEBUG:colcon.colcon_core.verb:Building package 'CRAP_sim_def' with the following arguments: {'ament_cmake_args': None, 'build_base': '/home/jinkai/Desktop/ROS_dev/162D-Project/build/CRAP_sim_def', 'catkin_cmake_args': None, 'catkin_skip_building_tests': False, 'cmake_args': None, 'cmake_clean_cache': False, 'cmake_clean_first': False, 'cmake_force_configure': False, 'cmake_target': None, 'cmake_target_skip_unavailable': False, 'install_base': '/home/jinkai/Desktop/ROS_dev/162D-Project/install/CRAP_sim_def', 'merge_install': False, 'path': '/home/jinkai/Desktop/ROS_dev/162D-Project/src/CRAP_sim_def', 'symlink_install': False, 'test_result_base': None}
[0.208s] INFO:colcon.colcon_core.executor:Executing jobs using 'sequential' executor
[0.209s] DEBUG:colcon.colcon_core.executor.sequential:run_until_complete 'CRAP_sim_def'
[0.209s] INFO:colcon.colcon_ros.task.ament_python.build:Building ROS package in '/home/jinkai/Desktop/ROS_dev/162D-Project/src/CRAP_sim_def' with build type 'ament_python'
[0.209s] Level 1:colcon.colcon_core.shell:create_environment_hook('CRAP_sim_def', 'ament_prefix_path')
[0.210s] INFO:colcon.colcon_core.plugin_system:Skipping extension 'colcon_core.shell.bat': Not used on non-Windows systems
[0.210s] INFO:colcon.colcon_core.shell:Creating environment descriptor '/home/jinkai/Desktop/ROS_dev/162D-Project/install/CRAP_sim_def/share/CRAP_sim_def/hook/ament_prefix_path.dsv'
[0.211s] INFO:colcon.colcon_core.shell:Creating environment hook '/home/jinkai/Desktop/ROS_dev/162D-Project/install/CRAP_sim_def/share/CRAP_sim_def/hook/ament_prefix_path.sh'
[0.212s] DEBUG:colcon.colcon_core.shell:Skip shell extension 'dsv' for command environment
[0.400s] INFO:colcon.colcon_core.task.python.build:Building Python package in '/home/jinkai/Desktop/ROS_dev/162D-Project/src/CRAP_sim_def'
[0.401s] DEBUG:colcon.colcon_core.shell:Skip shell extension 'dsv' for command environment
[0.657s] DEBUG:colcon.colcon_core.event_handler.log_command:Invoking command in '/home/jinkai/Desktop/ROS_dev/162D-Project/src/CRAP_sim_def': PYTHONPATH=/home/jinkai/Desktop/ROS_dev/162D-Project/build/CRAP_sim_def/prefix_override:/home/jinkai/Desktop/ROS_dev/162D-Project/install/CRAP_sim_def/lib/python3.10/site-packages:${PYTHONPATH} /usr/bin/python3 setup.py egg_info --egg-base ../../build/CRAP_sim_def build --build-base /home/jinkai/Desktop/ROS_dev/162D-Project/build/CRAP_sim_def/build install --record /home/jinkai/Desktop/ROS_dev/162D-Project/build/CRAP_sim_def/install.log --single-version-externally-managed
[0.878s] DEBUG:colcon.colcon_core.event_handler.log_command:Invoked command in '/home/jinkai/Desktop/ROS_dev/162D-Project/src/CRAP_sim_def' returned '0': PYTHONPATH=/home/jinkai/Desktop/ROS_dev/162D-Project/build/CRAP_sim_def/prefix_override:/home/jinkai/Desktop/ROS_dev/162D-Project/install/CRAP_sim_def/lib/python3.10/site-packages:${PYTHONPATH} /usr/bin/python3 setup.py egg_info --egg-base ../../build/CRAP_sim_def build --build-base /home/jinkai/Desktop/ROS_dev/162D-Project/build/CRAP_sim_def/build install --record /home/jinkai/Desktop/ROS_dev/162D-Project/build/CRAP_sim_def/install.log --single-version-externally-managed
[0.882s] Level 1:colcon.colcon_core.environment:checking '/home/jinkai/Desktop/ROS_dev/162D-Project/install/CRAP_sim_def' for CMake module files
[0.882s] Level 1:colcon.colcon_core.environment:checking '/home/jinkai/Desktop/ROS_dev/162D-Project/install/CRAP_sim_def' for CMake config files
[0.882s] Level 1:colcon.colcon_core.environment:checking '/home/jinkai/Desktop/ROS_dev/162D-Project/install/CRAP_sim_def/lib'
[0.883s] Level 1:colcon.colcon_core.environment:checking '/home/jinkai/Desktop/ROS_dev/162D-Project/install/CRAP_sim_def/bin'
[0.883s] Level 1:colcon.colcon_core.environment:checking '/home/jinkai/Desktop/ROS_dev/162D-Project/install/CRAP_sim_def/lib/pkgconfig/CRAP_sim_def.pc'
[0.883s] Level 1:colcon.colcon_core.environment:checking '/home/jinkai/Desktop/ROS_dev/162D-Project/install/CRAP_sim_def/lib/python3.10/site-packages'
[0.883s] Level 1:colcon.colcon_core.shell:create_environment_hook('CRAP_sim_def', 'pythonpath')
[0.883s] INFO:colcon.colcon_core.shell:Creating environment descriptor '/home/jinkai/Desktop/ROS_dev/162D-Project/install/CRAP_sim_def/share/CRAP_sim_def/hook/pythonpath.dsv'
[0.884s] INFO:colcon.colcon_core.shell:Creating environment hook '/home/jinkai/Desktop/ROS_dev/162D-Project/install/CRAP_sim_def/share/CRAP_sim_def/hook/pythonpath.sh'
[0.884s] Level 1:colcon.colcon_core.environment:checking '/home/jinkai/Desktop/ROS_dev/162D-Project/install/CRAP_sim_def/bin'
[0.884s] Level 1:colcon.colcon_core.environment:create_environment_scripts_only(CRAP_sim_def)
[0.885s] INFO:colcon.colcon_core.shell:Creating package descriptor '/home/jinkai/Desktop/ROS_dev/162D-Project/install/CRAP_sim_def/share/CRAP_sim_def/package.dsv'
[0.885s] INFO:colcon.colcon_core.shell:Creating package script '/home/jinkai/Desktop/ROS_dev/162D-Project/install/CRAP_sim_def/share/CRAP_sim_def/package.sh'
[0.886s] Level 1:colcon.colcon_core.environment:create_file_with_runtime_dependencies(/home/jinkai/Desktop/ROS_dev/162D-Project/install/CRAP_sim_def/share/colcon-core/packages/CRAP_sim_def)
[0.886s] DEBUG:colcon.colcon_core.executor.sequential:run_until_complete 'CRAP_sim_def' finished with '0'
[0.886s] DEBUG:colcon.colcon_core.executor.sequential:closing loop
[0.886s] DEBUG:colcon.colcon_core.executor.sequential:loop closed
[0.886s] DEBUG:colcon.colcon_core.event_reactor:joining thread
[0.887s] DEBUG:colcon.colcon_core.event_reactor:joined thread
[0.887s] INFO:colcon.colcon_core.shell:Creating prefix script '/home/jinkai/Desktop/ROS_dev/162D-Project/install/local_setup.sh'
[0.887s] INFO:colcon.colcon_core.shell:Creating prefix util module '/home/jinkai/Desktop/ROS_dev/162D-Project/install/_local_setup_util_sh.py'
[0.888s] INFO:colcon.colcon_core.shell:Creating prefix chain script '/home/jinkai/Desktop/ROS_dev/162D-Project/install/setup.sh'
